ERROR - 2025-04-02 18:32:47 --> Error connecting to the database: mysqli_sql_exception: Unknown database 'alpicatci4' in C:\Users\jpujo\Desktop\alpicatCodeigniter\vendor\codeigniter4\framework\system\Database\MySQLi\Connection.php:201
Stack trace:
#0 C:\Users\jpujo\Desktop\alpicatCodeigniter\vendor\codeigniter4\framework\system\Database\MySQLi\Connection.php(201): mysqli->real_connect('localhost', 'root', Object(SensitiveParameterValue), 'alpicatci4', 3306, '', 0)
#1 C:\Users\jpujo\Desktop\alpicatCodeigniter\vendor\codeigniter4\framework\system\Database\BaseConnection.php(421): CodeIgniter\Database\MySQLi\Connection->connect(false)
#2 C:\Users\jpujo\Desktop\alpicatCodeigniter\vendor\codeigniter4\framework\system\Database\BaseConnection.php(620): CodeIgniter\Database\BaseConnection->initialize()
#3 C:\Users\jpujo\Desktop\alpicatCodeigniter\vendor\codeigniter4\framework\system\Database\BaseBuilder.php(1733): CodeIgniter\Database\BaseConnection->query('SELECT COUNT(*)...', Array, false)
#4 C:\Users\jpujo\Desktop\alpicatCodeigniter\vendor\codeigniter4\framework\system\Model.php(676): CodeIgniter\Database\BaseBuilder->countAllResults(false)
#5 C:\Users\jpujo\Desktop\alpicatCodeigniter\vendor\codeigniter4\framework\system\BaseModel.php(1283): CodeIgniter\Model->countAllResults(false)
#6 C:\Users\jpujo\Desktop\alpicatCodeigniter\app\Controllers\CrudController.php(15): CodeIgniter\BaseModel->paginate(5, 'default')
#7 C:\Users\jpujo\Desktop\alpicatCodeigniter\vendor\codeigniter4\framework\system\CodeIgniter.php(933): App\Controllers\CrudController->index()
#8 C:\Users\jpujo\Desktop\alpicatCodeigniter\vendor\codeigniter4\framework\system\CodeIgniter.php(507): CodeIgniter\CodeIgniter->runController(Object(App\Controllers\CrudController))
#9 C:\Users\jpujo\Desktop\alpicatCodeigniter\vendor\codeigniter4\framework\system\CodeIgniter.php(354): CodeIgniter\CodeIgniter->handleRequest(NULL, Object(Config\Cache), false)
#10 C:\Users\jpujo\Desktop\alpicatCodeigniter\vendor\codeigniter4\framework\system\Boot.php(334): CodeIgniter\CodeIgniter->run()
#11 C:\Users\jpujo\Desktop\alpicatCodeigniter\vendor\codeigniter4\framework\system\Boot.php(67): CodeIgniter\Boot::runCodeIgniter(Object(CodeIgniter\CodeIgniter))
#12 C:\Users\jpujo\Desktop\alpicatCodeigniter\public\index.php(56): CodeIgniter\Boot::bootWeb(Object(Config\Paths))
#13 C:\Users\jpujo\Desktop\alpicatCodeigniter\vendor\codeigniter4\framework\system\rewrite.php(44): require_once('C:\\Users\\jpujo\\...')
#14 {main}

Next CodeIgniter\Database\Exceptions\DatabaseException: Unknown database 'alpicatci4' in C:\Users\jpujo\Desktop\alpicatCodeigniter\vendor\codeigniter4\framework\system\Database\MySQLi\Connection.php:246
Stack trace:
#0 C:\Users\jpujo\Desktop\alpicatCodeigniter\vendor\codeigniter4\framework\system\Database\BaseConnection.php(421): CodeIgniter\Database\MySQLi\Connection->connect(false)
#1 C:\Users\jpujo\Desktop\alpicatCodeigniter\vendor\codeigniter4\framework\system\Database\BaseConnection.php(620): CodeIgniter\Database\BaseConnection->initialize()
#2 C:\Users\jpujo\Desktop\alpicatCodeigniter\vendor\codeigniter4\framework\system\Database\BaseBuilder.php(1733): CodeIgniter\Database\BaseConnection->query('SELECT COUNT(*)...', Array, false)
#3 C:\Users\jpujo\Desktop\alpicatCodeigniter\vendor\codeigniter4\framework\system\Model.php(676): CodeIgniter\Database\BaseBuilder->countAllResults(false)
#4 C:\Users\jpujo\Desktop\alpicatCodeigniter\vendor\codeigniter4\framework\system\BaseModel.php(1283): CodeIgniter\Model->countAllResults(false)
#5 C:\Users\jpujo\Desktop\alpicatCodeigniter\app\Controllers\CrudController.php(15): CodeIgniter\BaseModel->paginate(5, 'default')
#6 C:\Users\jpujo\Desktop\alpicatCodeigniter\vendor\codeigniter4\framework\system\CodeIgniter.php(933): App\Controllers\CrudController->index()
#7 C:\Users\jpujo\Desktop\alpicatCodeigniter\vendor\codeigniter4\framework\system\CodeIgniter.php(507): CodeIgniter\CodeIgniter->runController(Object(App\Controllers\CrudController))
#8 C:\Users\jpujo\Desktop\alpicatCodeigniter\vendor\codeigniter4\framework\system\CodeIgniter.php(354): CodeIgniter\CodeIgniter->handleRequest(NULL, Object(Config\Cache), false)
#9 C:\Users\jpujo\Desktop\alpicatCodeigniter\vendor\codeigniter4\framework\system\Boot.php(334): CodeIgniter\CodeIgniter->run()
#10 C:\Users\jpujo\Desktop\alpicatCodeigniter\vendor\codeigniter4\framework\system\Boot.php(67): CodeIgniter\Boot::runCodeIgniter(Object(CodeIgniter\CodeIgniter))
#11 C:\Users\jpujo\Desktop\alpicatCodeigniter\public\index.php(56): CodeIgniter\Boot::bootWeb(Object(Config\Paths))
#12 C:\Users\jpujo\Desktop\alpicatCodeigniter\vendor\codeigniter4\framework\system\rewrite.php(44): require_once('C:\\Users\\jpujo\\...')
#13 {main}
CRITICAL - 2025-04-02 18:32:47 --> CodeIgniter\Database\Exceptions\DatabaseException: Unable to connect to the database.
Main connection [MySQLi]: Unknown database 'alpicatci4'
[Method: GET, Route: noticies]
in SYSTEMPATH\Database\BaseConnection.php on line 467.
 1 SYSTEMPATH\Database\BaseConnection.php(620): CodeIgniter\Database\BaseConnection->initialize()
 2 SYSTEMPATH\Database\BaseBuilder.php(1733): CodeIgniter\Database\BaseConnection->query('SELECT COUNT(*) AS `numrows`
FROM `noticies`', [], false)
 3 SYSTEMPATH\Model.php(676): CodeIgniter\Database\BaseBuilder->countAllResults(false)
 4 SYSTEMPATH\BaseModel.php(1283): CodeIgniter\Model->countAllResults(false)
 5 APPPATH\Controllers\CrudController.php(15): CodeIgniter\BaseModel->paginate(5, 'default')
 6 SYSTEMPATH\CodeIgniter.php(933): App\Controllers\CrudController->index()
 7 SYSTEMPATH\CodeIgniter.php(507): CodeIgniter\CodeIgniter->runController(Object(App\Controllers\CrudController))
 8 SYSTEMPATH\CodeIgniter.php(354): CodeIgniter\CodeIgniter->handleRequest(null, Object(Config\Cache), false)
 9 SYSTEMPATH\Boot.php(334): CodeIgniter\CodeIgniter->run()
10 SYSTEMPATH\Boot.php(67): CodeIgniter\Boot::runCodeIgniter(Object(CodeIgniter\CodeIgniter))
11 FCPATH\index.php(56): CodeIgniter\Boot::bootWeb(Object(Config\Paths))
12 SYSTEMPATH\rewrite.php(44): require_once('C:\\Users\\jpujo\\Desktop\\alpicatCodeigniter\\public\\index.php')
ERROR - 2025-04-02 18:32:47 --> Error connecting to the database: mysqli_sql_exception: Unknown database 'alpicatci4' in C:\Users\jpujo\Desktop\alpicatCodeigniter\vendor\codeigniter4\framework\system\Database\MySQLi\Connection.php:201
Stack trace:
#0 C:\Users\jpujo\Desktop\alpicatCodeigniter\vendor\codeigniter4\framework\system\Database\MySQLi\Connection.php(201): mysqli->real_connect('localhost', 'root', Object(SensitiveParameterValue), 'alpicatci4', 3306, '', 0)
#1 C:\Users\jpujo\Desktop\alpicatCodeigniter\vendor\codeigniter4\framework\system\Database\BaseConnection.php(421): CodeIgniter\Database\MySQLi\Connection->connect(false)
#2 C:\Users\jpujo\Desktop\alpicatCodeigniter\vendor\codeigniter4\framework\system\Database\BaseConnection.php(620): CodeIgniter\Database\BaseConnection->initialize()
#3 C:\Users\jpujo\Desktop\alpicatCodeigniter\vendor\codeigniter4\framework\system\Database\BaseBuilder.php(1733): CodeIgniter\Database\BaseConnection->query('SELECT COUNT(*)...', Array, false)
#4 C:\Users\jpujo\Desktop\alpicatCodeigniter\vendor\codeigniter4\framework\system\Model.php(676): CodeIgniter\Database\BaseBuilder->countAllResults(false)
#5 C:\Users\jpujo\Desktop\alpicatCodeigniter\vendor\codeigniter4\framework\system\BaseModel.php(1283): CodeIgniter\Model->countAllResults(false)
#6 C:\Users\jpujo\Desktop\alpicatCodeigniter\app\Controllers\CrudController.php(15): CodeIgniter\BaseModel->paginate(5, 'default')
#7 C:\Users\jpujo\Desktop\alpicatCodeigniter\vendor\codeigniter4\framework\system\CodeIgniter.php(933): App\Controllers\CrudController->index()
#8 C:\Users\jpujo\Desktop\alpicatCodeigniter\vendor\codeigniter4\framework\system\CodeIgniter.php(507): CodeIgniter\CodeIgniter->runController(Object(App\Controllers\CrudController))
#9 C:\Users\jpujo\Desktop\alpicatCodeigniter\vendor\codeigniter4\framework\system\CodeIgniter.php(354): CodeIgniter\CodeIgniter->handleRequest(NULL, Object(Config\Cache), false)
#10 C:\Users\jpujo\Desktop\alpicatCodeigniter\vendor\codeigniter4\framework\system\Boot.php(334): CodeIgniter\CodeIgniter->run()
#11 C:\Users\jpujo\Desktop\alpicatCodeigniter\vendor\codeigniter4\framework\system\Boot.php(67): CodeIgniter\Boot::runCodeIgniter(Object(CodeIgniter\CodeIgniter))
#12 C:\Users\jpujo\Desktop\alpicatCodeigniter\public\index.php(56): CodeIgniter\Boot::bootWeb(Object(Config\Paths))
#13 C:\Users\jpujo\Desktop\alpicatCodeigniter\vendor\codeigniter4\framework\system\rewrite.php(44): require_once('C:\\Users\\jpujo\\...')
#14 {main}

Next CodeIgniter\Database\Exceptions\DatabaseException: Unknown database 'alpicatci4' in C:\Users\jpujo\Desktop\alpicatCodeigniter\vendor\codeigniter4\framework\system\Database\MySQLi\Connection.php:246
Stack trace:
#0 C:\Users\jpujo\Desktop\alpicatCodeigniter\vendor\codeigniter4\framework\system\Database\BaseConnection.php(421): CodeIgniter\Database\MySQLi\Connection->connect(false)
#1 C:\Users\jpujo\Desktop\alpicatCodeigniter\vendor\codeigniter4\framework\system\Database\BaseConnection.php(620): CodeIgniter\Database\BaseConnection->initialize()
#2 C:\Users\jpujo\Desktop\alpicatCodeigniter\vendor\codeigniter4\framework\system\Database\BaseBuilder.php(1733): CodeIgniter\Database\BaseConnection->query('SELECT COUNT(*)...', Array, false)
#3 C:\Users\jpujo\Desktop\alpicatCodeigniter\vendor\codeigniter4\framework\system\Model.php(676): CodeIgniter\Database\BaseBuilder->countAllResults(false)
#4 C:\Users\jpujo\Desktop\alpicatCodeigniter\vendor\codeigniter4\framework\system\BaseModel.php(1283): CodeIgniter\Model->countAllResults(false)
#5 C:\Users\jpujo\Desktop\alpicatCodeigniter\app\Controllers\CrudController.php(15): CodeIgniter\BaseModel->paginate(5, 'default')
#6 C:\Users\jpujo\Desktop\alpicatCodeigniter\vendor\codeigniter4\framework\system\CodeIgniter.php(933): App\Controllers\CrudController->index()
#7 C:\Users\jpujo\Desktop\alpicatCodeigniter\vendor\codeigniter4\framework\system\CodeIgniter.php(507): CodeIgniter\CodeIgniter->runController(Object(App\Controllers\CrudController))
#8 C:\Users\jpujo\Desktop\alpicatCodeigniter\vendor\codeigniter4\framework\system\CodeIgniter.php(354): CodeIgniter\CodeIgniter->handleRequest(NULL, Object(Config\Cache), false)
#9 C:\Users\jpujo\Desktop\alpicatCodeigniter\vendor\codeigniter4\framework\system\Boot.php(334): CodeIgniter\CodeIgniter->run()
#10 C:\Users\jpujo\Desktop\alpicatCodeigniter\vendor\codeigniter4\framework\system\Boot.php(67): CodeIgniter\Boot::runCodeIgniter(Object(CodeIgniter\CodeIgniter))
#11 C:\Users\jpujo\Desktop\alpicatCodeigniter\public\index.php(56): CodeIgniter\Boot::bootWeb(Object(Config\Paths))
#12 C:\Users\jpujo\Desktop\alpicatCodeigniter\vendor\codeigniter4\framework\system\rewrite.php(44): require_once('C:\\Users\\jpujo\\...')
#13 {main}
CRITICAL - 2025-04-02 18:32:47 --> CodeIgniter\Database\Exceptions\DatabaseException: Unable to connect to the database.
Main connection [MySQLi]: Unknown database 'alpicatci4'
[Method: GET, Route: noticies]
in SYSTEMPATH\Database\BaseConnection.php on line 467.
 1 SYSTEMPATH\Database\BaseConnection.php(620): CodeIgniter\Database\BaseConnection->initialize()
 2 SYSTEMPATH\Database\BaseBuilder.php(1733): CodeIgniter\Database\BaseConnection->query('SELECT COUNT(*) AS `numrows`
FROM `noticies`', [], false)
 3 SYSTEMPATH\Model.php(676): CodeIgniter\Database\BaseBuilder->countAllResults(false)
 4 SYSTEMPATH\BaseModel.php(1283): CodeIgniter\Model->countAllResults(false)
 5 APPPATH\Controllers\CrudController.php(15): CodeIgniter\BaseModel->paginate(5, 'default')
 6 SYSTEMPATH\CodeIgniter.php(933): App\Controllers\CrudController->index()
 7 SYSTEMPATH\CodeIgniter.php(507): CodeIgniter\CodeIgniter->runController(Object(App\Controllers\CrudController))
 8 SYSTEMPATH\CodeIgniter.php(354): CodeIgniter\CodeIgniter->handleRequest(null, Object(Config\Cache), false)
 9 SYSTEMPATH\Boot.php(334): CodeIgniter\CodeIgniter->run()
10 SYSTEMPATH\Boot.php(67): CodeIgniter\Boot::runCodeIgniter(Object(CodeIgniter\CodeIgniter))
11 FCPATH\index.php(56): CodeIgniter\Boot::bootWeb(Object(Config\Paths))
12 SYSTEMPATH\rewrite.php(44): require_once('C:\\Users\\jpujo\\Desktop\\alpicatCodeigniter\\public\\index.php')
DEBUG - 2025-04-02 18:50:17 --> Session: Class initialized using 'CodeIgniter\Session\Handlers\FileHandler' driver.
DEBUG - 2025-04-02 18:52:20 --> Session: Class initialized using 'CodeIgniter\Session\Handlers\FileHandler' driver.
DEBUG - 2025-04-02 18:56:46 --> Session: Class initialized using 'CodeIgniter\Session\Handlers\FileHandler' driver.
