CRITICAL - 2025-03-26 20:32:01 --> Error: Undefined constant Kint\Renderer\AbstractRenderer::SORT_FULL
[Method: GET, Route: contacte]
in APPPATH\Config\Kint.php on line 44.
 1 SYSTEMPATH\Autoloader\Autoloader.php(499): CodeIgniter\Autoloader\Autoloader->configureKint()
 2 SYSTEMPATH\Boot.php(302): CodeIgniter\Autoloader\Autoloader->initializeKint(true)
 3 SYSTEMPATH\Boot.php(56): CodeIgniter\Boot::initializeKint()
 4 FCPATH\index.php(56): CodeIgniter\Boot::bootWeb(Object(Config\Paths))
 5 SYSTEMPATH\rewrite.php(44): require_once('C:\\Users\\jpujo\\Desktop\\alpicatCodeigniter\\public\\index.php')
CRITICAL - 2025-03-26 19:46:23 --> Error: Call to undefined function WRITE_PATH()
[Method: GET, Route: noticies]
in APPPATH\Views\noticies.php on line 15.
 1 SYSTEMPATH\View\View.php(224): include()
 2 SYSTEMPATH\View\View.php(227): CodeIgniter\View\View->CodeIgniter\View\{closure}()
 3 SYSTEMPATH\Common.php(1173): CodeIgniter\View\View->render('noticies', [], true)
 4 APPPATH\Controllers\NoticiesController.php(12): view('noticies')
 5 SYSTEMPATH\CodeIgniter.php(933): App\Controllers\NoticiesController->noticies()
 6 SYSTEMPATH\CodeIgniter.php(507): CodeIgniter\CodeIgniter->runController(Object(App\Controllers\NoticiesController))
 7 SYSTEMPATH\CodeIgniter.php(354): CodeIgniter\CodeIgniter->handleRequest(null, Object(Config\Cache), false)
 8 SYSTEMPATH\Boot.php(334): CodeIgniter\CodeIgniter->run()
 9 SYSTEMPATH\Boot.php(67): CodeIgniter\Boot::runCodeIgniter(Object(CodeIgniter\CodeIgniter))
10 FCPATH\index.php(56): CodeIgniter\Boot::bootWeb(Object(Config\Paths))
11 SYSTEMPATH\rewrite.php(44): require_once('C:\\Users\\jpujo\\Desktop\\alpicatCodeigniter\\public\\index.php')
