CRITICAL - 2025-03-31 15:39:27 --> Error: Undefined constant Kint\Renderer\AbstractRenderer::SORT_FULL
[Method: GET, Route: /]
in APPPATH\Config\Kint.php on line 44.
 1 SYSTEMPATH\Autoloader\Autoloader.php(499): CodeIgniter\Autoloader\Autoloader->configureKint()
 2 SYSTEMPATH\Boot.php(302): CodeIgniter\Autoloader\Autoloader->initializeKint(true)
 3 SYSTEMPATH\Boot.php(56): CodeIgniter\Boot::initializeKint()
 4 FCPATH\index.php(56): CodeIgniter\Boot::bootWeb(Object(Config\Paths))
 5 SYSTEMPATH\rewrite.php(44): require_once('C:\\Users\\jpujo\\Desktop\\alpicatCodeigniter\\public\\index.php')
CRITICAL - 2025-03-31 15:40:52 --> Error: Undefined constant Kint\Renderer\AbstractRenderer::SORT_FULL
[Method: GET, Route: /]
in APPPATH\Config\Kint.php on line 44.
 1 SYSTEMPATH\Autoloader\Autoloader.php(499): CodeIgniter\Autoloader\Autoloader->configureKint()
 2 SYSTEMPATH\Boot.php(302): CodeIgniter\Autoloader\Autoloader->initializeKint(true)
 3 SYSTEMPATH\Boot.php(56): CodeIgniter\Boot::initializeKint()
 4 FCPATH\index.php(56): CodeIgniter\Boot::bootWeb(Object(Config\Paths))
 5 SYSTEMPATH\rewrite.php(44): require_once('C:\\Users\\jpujo\\Desktop\\alpicatCodeigniter\\public\\index.php')
CRITICAL - 2025-03-31 15:40:53 --> Error: Undefined constant Kint\Renderer\AbstractRenderer::SORT_FULL
[Method: GET, Route: /]
in APPPATH\Config\Kint.php on line 44.
 1 SYSTEMPATH\Autoloader\Autoloader.php(499): CodeIgniter\Autoloader\Autoloader->configureKint()
 2 SYSTEMPATH\Boot.php(302): CodeIgniter\Autoloader\Autoloader->initializeKint(true)
 3 SYSTEMPATH\Boot.php(56): CodeIgniter\Boot::initializeKint()
 4 FCPATH\index.php(56): CodeIgniter\Boot::bootWeb(Object(Config\Paths))
 5 SYSTEMPATH\rewrite.php(44): require_once('C:\\Users\\jpujo\\Desktop\\alpicatCodeigniter\\public\\index.php')
CRITICAL - 2025-03-31 15:40:54 --> Error: Undefined constant Kint\Renderer\AbstractRenderer::SORT_FULL
[Method: GET, Route: /]
in APPPATH\Config\Kint.php on line 44.
 1 SYSTEMPATH\Autoloader\Autoloader.php(499): CodeIgniter\Autoloader\Autoloader->configureKint()
 2 SYSTEMPATH\Boot.php(302): CodeIgniter\Autoloader\Autoloader->initializeKint(true)
 3 SYSTEMPATH\Boot.php(56): CodeIgniter\Boot::initializeKint()
 4 FCPATH\index.php(56): CodeIgniter\Boot::bootWeb(Object(Config\Paths))
 5 SYSTEMPATH\rewrite.php(44): require_once('C:\\Users\\jpujo\\Desktop\\alpicatCodeigniter\\public\\index.php')
CRITICAL - 2025-03-31 15:40:55 --> Error: Undefined constant Kint\Renderer\AbstractRenderer::SORT_FULL
[Method: GET, Route: /]
in APPPATH\Config\Kint.php on line 44.
 1 SYSTEMPATH\Autoloader\Autoloader.php(499): CodeIgniter\Autoloader\Autoloader->configureKint()
 2 SYSTEMPATH\Boot.php(302): CodeIgniter\Autoloader\Autoloader->initializeKint(true)
 3 SYSTEMPATH\Boot.php(56): CodeIgniter\Boot::initializeKint()
 4 FCPATH\index.php(56): CodeIgniter\Boot::bootWeb(Object(Config\Paths))
 5 SYSTEMPATH\rewrite.php(44): require_once('C:\\Users\\jpujo\\Desktop\\alpicatCodeigniter\\public\\index.php')
CRITICAL - 2025-03-31 15:41:51 --> Error: Undefined constant Kint\Renderer\AbstractRenderer::SORT_FULL
[Method: GET, Route: /]
in APPPATH\Config\Kint.php on line 44.
 1 SYSTEMPATH\Autoloader\Autoloader.php(499): CodeIgniter\Autoloader\Autoloader->configureKint()
 2 SYSTEMPATH\Boot.php(302): CodeIgniter\Autoloader\Autoloader->initializeKint(true)
 3 SYSTEMPATH\Boot.php(56): CodeIgniter\Boot::initializeKint()
 4 FCPATH\index.php(56): CodeIgniter\Boot::bootWeb(Object(Config\Paths))
 5 SYSTEMPATH\rewrite.php(44): require_once('C:\\Users\\jpujo\\Desktop\\alpicatCodeigniter\\public\\index.php')
CRITICAL - 2025-03-31 15:41:57 --> Error: Undefined constant Kint\Renderer\AbstractRenderer::SORT_FULL
[Method: GET, Route: /]
in APPPATH\Config\Kint.php on line 44.
 1 SYSTEMPATH\Autoloader\Autoloader.php(499): CodeIgniter\Autoloader\Autoloader->configureKint()
 2 SYSTEMPATH\Boot.php(302): CodeIgniter\Autoloader\Autoloader->initializeKint(true)
 3 SYSTEMPATH\Boot.php(56): CodeIgniter\Boot::initializeKint()
 4 FCPATH\index.php(56): CodeIgniter\Boot::bootWeb(Object(Config\Paths))
 5 SYSTEMPATH\rewrite.php(44): require_once('C:\\Users\\jpujo\\Desktop\\alpicatCodeigniter\\public\\index.php')
CRITICAL - 2025-03-31 15:42:24 --> Error: Undefined constant Kint\Renderer\AbstractRenderer::SORT_FULL
[Method: GET, Route: /]
in APPPATH\Config\Kint.php on line 44.
 1 SYSTEMPATH\Autoloader\Autoloader.php(499): CodeIgniter\Autoloader\Autoloader->configureKint()
 2 SYSTEMPATH\Boot.php(302): CodeIgniter\Autoloader\Autoloader->initializeKint(true)
 3 SYSTEMPATH\Boot.php(56): CodeIgniter\Boot::initializeKint()
 4 FCPATH\index.php(56): CodeIgniter\Boot::bootWeb(Object(Config\Paths))
 5 SYSTEMPATH\rewrite.php(44): require_once('C:\\Users\\jpujo\\Desktop\\alpicatCodeigniter\\public\\index.php')
CRITICAL - 2025-03-31 15:43:40 --> Error: Undefined constant Kint\Renderer\AbstractRenderer::SORT_FULL
[Method: GET, Route: /]
in APPPATH\Config\Kint.php on line 44.
 1 SYSTEMPATH\Autoloader\Autoloader.php(499): CodeIgniter\Autoloader\Autoloader->configureKint()
 2 SYSTEMPATH\Boot.php(302): CodeIgniter\Autoloader\Autoloader->initializeKint(true)
 3 SYSTEMPATH\Boot.php(56): CodeIgniter\Boot::initializeKint()
 4 FCPATH\index.php(56): CodeIgniter\Boot::bootWeb(Object(Config\Paths))
 5 SYSTEMPATH\rewrite.php(44): require_once('C:\\Users\\jpujo\\Desktop\\alpicatCodeigniter\\public\\index.php')
CRITICAL - 2025-03-31 15:43:41 --> Error: Undefined constant Kint\Renderer\AbstractRenderer::SORT_FULL
[Method: GET, Route: /]
in APPPATH\Config\Kint.php on line 44.
 1 SYSTEMPATH\Autoloader\Autoloader.php(499): CodeIgniter\Autoloader\Autoloader->configureKint()
 2 SYSTEMPATH\Boot.php(302): CodeIgniter\Autoloader\Autoloader->initializeKint(true)
 3 SYSTEMPATH\Boot.php(56): CodeIgniter\Boot::initializeKint()
 4 FCPATH\index.php(56): CodeIgniter\Boot::bootWeb(Object(Config\Paths))
 5 SYSTEMPATH\rewrite.php(44): require_once('C:\\Users\\jpujo\\Desktop\\alpicatCodeigniter\\public\\index.php')
CRITICAL - 2025-03-31 15:43:41 --> Error: Undefined constant Kint\Renderer\AbstractRenderer::SORT_FULL
[Method: GET, Route: /]
in APPPATH\Config\Kint.php on line 44.
 1 SYSTEMPATH\Autoloader\Autoloader.php(499): CodeIgniter\Autoloader\Autoloader->configureKint()
 2 SYSTEMPATH\Boot.php(302): CodeIgniter\Autoloader\Autoloader->initializeKint(true)
 3 SYSTEMPATH\Boot.php(56): CodeIgniter\Boot::initializeKint()
 4 FCPATH\index.php(56): CodeIgniter\Boot::bootWeb(Object(Config\Paths))
 5 SYSTEMPATH\rewrite.php(44): require_once('C:\\Users\\jpujo\\Desktop\\alpicatCodeigniter\\public\\index.php')
CRITICAL - 2025-03-31 15:43:42 --> Error: Undefined constant Kint\Renderer\AbstractRenderer::SORT_FULL
[Method: GET, Route: /]
in APPPATH\Config\Kint.php on line 44.
 1 SYSTEMPATH\Autoloader\Autoloader.php(499): CodeIgniter\Autoloader\Autoloader->configureKint()
 2 SYSTEMPATH\Boot.php(302): CodeIgniter\Autoloader\Autoloader->initializeKint(true)
 3 SYSTEMPATH\Boot.php(56): CodeIgniter\Boot::initializeKint()
 4 FCPATH\index.php(56): CodeIgniter\Boot::bootWeb(Object(Config\Paths))
 5 SYSTEMPATH\rewrite.php(44): require_once('C:\\Users\\jpujo\\Desktop\\alpicatCodeigniter\\public\\index.php')
CRITICAL - 2025-03-31 15:43:42 --> Error: Undefined constant Kint\Renderer\AbstractRenderer::SORT_FULL
[Method: GET, Route: /]
in APPPATH\Config\Kint.php on line 44.
 1 SYSTEMPATH\Autoloader\Autoloader.php(499): CodeIgniter\Autoloader\Autoloader->configureKint()
 2 SYSTEMPATH\Boot.php(302): CodeIgniter\Autoloader\Autoloader->initializeKint(true)
 3 SYSTEMPATH\Boot.php(56): CodeIgniter\Boot::initializeKint()
 4 FCPATH\index.php(56): CodeIgniter\Boot::bootWeb(Object(Config\Paths))
 5 SYSTEMPATH\rewrite.php(44): require_once('C:\\Users\\jpujo\\Desktop\\alpicatCodeigniter\\public\\index.php')
CRITICAL - 2025-03-31 15:43:42 --> Error: Undefined constant Kint\Renderer\AbstractRenderer::SORT_FULL
[Method: GET, Route: /]
in APPPATH\Config\Kint.php on line 44.
 1 SYSTEMPATH\Autoloader\Autoloader.php(499): CodeIgniter\Autoloader\Autoloader->configureKint()
 2 SYSTEMPATH\Boot.php(302): CodeIgniter\Autoloader\Autoloader->initializeKint(true)
 3 SYSTEMPATH\Boot.php(56): CodeIgniter\Boot::initializeKint()
 4 FCPATH\index.php(56): CodeIgniter\Boot::bootWeb(Object(Config\Paths))
 5 SYSTEMPATH\rewrite.php(44): require_once('C:\\Users\\jpujo\\Desktop\\alpicatCodeigniter\\public\\index.php')
