CRITICAL - 2025-04-03 13:37:18 --> ErrorException: Undefined variable $noticies
[Method: GET, Route: crearNoticia]
in APPPATH\Views\crudNoticies\crearNoticia.php on line 34.
 1 APPPATH\Views\crudNoticies\crearNoticia.php(34): CodeIgniter\Debug\Exceptions->errorHandler(2, 'Undefined variable $noticies', 'C:\\Users\\jpujo\\Desktop\\alpicatCodeigniter\\app\\Views\\crudNoticies\\crearNoticia.php', 34)
 2 SYSTEMPATH\View\View.php(224): include('C:\\Users\\jpujo\\Desktop\\alpicatCodeigniter\\app\\Views\\crudNoticies\\crearNoticia.php')
 3 SYSTEMPATH\View\View.php(227): CodeIgniter\View\View->CodeIgniter\View\{closure}()
 4 SYSTEMPATH\Common.php(1173): CodeIgniter\View\View->render('crudNoticies/crearNoticia', [], true)
 5 APPPATH\Controllers\CrudController.php(23): view('crudNoticies/crearNoticia')
 6 SYSTEMPATH\CodeIgniter.php(933): App\Controllers\CrudController->viewCrearNoticia()
 7 SYSTEMPATH\CodeIgniter.php(507): CodeIgniter\CodeIgniter->runController(Object(App\Controllers\CrudController))
 8 SYSTEMPATH\CodeIgniter.php(354): CodeIgniter\CodeIgniter->handleRequest(null, Object(Config\Cache), false)
 9 SYSTEMPATH\Boot.php(334): CodeIgniter\CodeIgniter->run()
10 SYSTEMPATH\Boot.php(67): CodeIgniter\Boot::runCodeIgniter(Object(CodeIgniter\CodeIgniter))
11 FCPATH\index.php(56): CodeIgniter\Boot::bootWeb(Object(Config\Paths))
12 SYSTEMPATH\rewrite.php(44): require_once('C:\\Users\\jpujo\\Desktop\\alpicatCodeigniter\\public\\index.php')
DEBUG - 2025-04-03 13:47:23 --> Session: Class initialized using 'CodeIgniter\Session\Handlers\FileHandler' driver.
CRITICAL - 2025-04-03 14:21:56 --> Error: Class "App\Controllers\NoticiesModel" not found
[Method: GET, Route: noticies]
in APPPATH\Controllers\NoticiesController.php on line 12.
 1 SYSTEMPATH\CodeIgniter.php(933): App\Controllers\NoticiesController->index()
 2 SYSTEMPATH\CodeIgniter.php(507): CodeIgniter\CodeIgniter->runController(Object(App\Controllers\NoticiesController))
 3 SYSTEMPATH\CodeIgniter.php(354): CodeIgniter\CodeIgniter->handleRequest(null, Object(Config\Cache), false)
 4 SYSTEMPATH\Boot.php(334): CodeIgniter\CodeIgniter->run()
 5 SYSTEMPATH\Boot.php(67): CodeIgniter\Boot::runCodeIgniter(Object(CodeIgniter\CodeIgniter))
 6 FCPATH\index.php(56): CodeIgniter\Boot::bootWeb(Object(Config\Paths))
 7 SYSTEMPATH\rewrite.php(44): require_once('C:\\Users\\jpujo\\Desktop\\alpicatCodeigniter\\public\\index.php')
CRITICAL - 2025-04-03 14:31:02 --> Error: Class "App\Controllers\NoticiesModel" not found
[Method: GET, Route: /]
in APPPATH\Controllers\IndexController.php on line 12.
 1 SYSTEMPATH\CodeIgniter.php(933): App\Controllers\IndexController->index()
 2 SYSTEMPATH\CodeIgniter.php(507): CodeIgniter\CodeIgniter->runController(Object(App\Controllers\IndexController))
 3 SYSTEMPATH\CodeIgniter.php(354): CodeIgniter\CodeIgniter->handleRequest(null, Object(Config\Cache), false)
 4 SYSTEMPATH\Boot.php(334): CodeIgniter\CodeIgniter->run()
 5 SYSTEMPATH\Boot.php(67): CodeIgniter\Boot::runCodeIgniter(Object(CodeIgniter\CodeIgniter))
 6 FCPATH\index.php(56): CodeIgniter\Boot::bootWeb(Object(Config\Paths))
 7 SYSTEMPATH\rewrite.php(44): require_once('C:\\Users\\jpujo\\Desktop\\alpicatCodeigniter\\public\\index.php')
CRITICAL - 2025-04-03 14:42:24 --> TypeError: CodeIgniter\BaseModel::paginate(): Argument #3 ($page) must be of type ?int, string given, called in C:\Users\jpujo\Desktop\alpicatCodeigniter\app\Controllers\IndexController.php on line 15
[Method: GET, Route: /]
in SYSTEMPATH\BaseModel.php on line 1272.
 1 APPPATH\Controllers\IndexController.php(15): CodeIgniter\BaseModel->paginate(3, 'created_at', 'asc')
 2 SYSTEMPATH\CodeIgniter.php(933): App\Controllers\IndexController->index()
 3 SYSTEMPATH\CodeIgniter.php(507): CodeIgniter\CodeIgniter->runController(Object(App\Controllers\IndexController))
 4 SYSTEMPATH\CodeIgniter.php(354): CodeIgniter\CodeIgniter->handleRequest(null, Object(Config\Cache), false)
 5 SYSTEMPATH\Boot.php(334): CodeIgniter\CodeIgniter->run()
 6 SYSTEMPATH\Boot.php(67): CodeIgniter\Boot::runCodeIgniter(Object(CodeIgniter\CodeIgniter))
 7 FCPATH\index.php(56): CodeIgniter\Boot::bootWeb(Object(Config\Paths))
 8 SYSTEMPATH\rewrite.php(44): require_once('C:\\Users\\jpujo\\Desktop\\alpicatCodeigniter\\public\\index.php')
ERROR - 2025-04-03 15:08:02 --> Error connecting to the database: mysqli_sql_exception: No se puede establecer una conexión ya que el equipo de destino denegó expresamente dicha conexión in C:\Users\jpujo\Desktop\alpicatCodeigniter\vendor\codeigniter4\framework\system\Database\MySQLi\Connection.php:201
Stack trace:
#0 C:\Users\jpujo\Desktop\alpicatCodeigniter\vendor\codeigniter4\framework\system\Database\MySQLi\Connection.php(201): mysqli->real_connect('localhost', 'root', Object(SensitiveParameterValue), 'alpicatci4', 3306, '', 0)
#1 C:\Users\jpujo\Desktop\alpicatCodeigniter\vendor\codeigniter4\framework\system\Database\BaseConnection.php(421): CodeIgniter\Database\MySQLi\Connection->connect(false)
#2 C:\Users\jpujo\Desktop\alpicatCodeigniter\vendor\codeigniter4\framework\system\Database\BaseConnection.php(620): CodeIgniter\Database\BaseConnection->initialize()
#3 C:\Users\jpujo\Desktop\alpicatCodeigniter\vendor\codeigniter4\framework\system\Database\BaseBuilder.php(1733): CodeIgniter\Database\BaseConnection->query('SELECT COUNT(*)...', Array, false)
#4 C:\Users\jpujo\Desktop\alpicatCodeigniter\vendor\codeigniter4\framework\system\Model.php(676): CodeIgniter\Database\BaseBuilder->countAllResults(false)
#5 C:\Users\jpujo\Desktop\alpicatCodeigniter\vendor\codeigniter4\framework\system\BaseModel.php(1283): CodeIgniter\Model->countAllResults(false)
#6 C:\Users\jpujo\Desktop\alpicatCodeigniter\app\Controllers\IndexController.php(15): CodeIgniter\BaseModel->paginate(3, 'default')
#7 C:\Users\jpujo\Desktop\alpicatCodeigniter\vendor\codeigniter4\framework\system\CodeIgniter.php(933): App\Controllers\IndexController->index()
#8 C:\Users\jpujo\Desktop\alpicatCodeigniter\vendor\codeigniter4\framework\system\CodeIgniter.php(507): CodeIgniter\CodeIgniter->runController(Object(App\Controllers\IndexController))
#9 C:\Users\jpujo\Desktop\alpicatCodeigniter\vendor\codeigniter4\framework\system\CodeIgniter.php(354): CodeIgniter\CodeIgniter->handleRequest(NULL, Object(Config\Cache), false)
#10 C:\Users\jpujo\Desktop\alpicatCodeigniter\vendor\codeigniter4\framework\system\Boot.php(334): CodeIgniter\CodeIgniter->run()
#11 C:\Users\jpujo\Desktop\alpicatCodeigniter\vendor\codeigniter4\framework\system\Boot.php(67): CodeIgniter\Boot::runCodeIgniter(Object(CodeIgniter\CodeIgniter))
#12 C:\Users\jpujo\Desktop\alpicatCodeigniter\public\index.php(56): CodeIgniter\Boot::bootWeb(Object(Config\Paths))
#13 C:\Users\jpujo\Desktop\alpicatCodeigniter\vendor\codeigniter4\framework\system\rewrite.php(44): require_once('C:\\Users\\jpujo\\...')
#14 {main}

Next CodeIgniter\Database\Exceptions\DatabaseException: No se puede establecer una conexión ya que el equipo de destino denegó expresamente dicha conexión in C:\Users\jpujo\Desktop\alpicatCodeigniter\vendor\codeigniter4\framework\system\Database\MySQLi\Connection.php:246
Stack trace:
#0 C:\Users\jpujo\Desktop\alpicatCodeigniter\vendor\codeigniter4\framework\system\Database\BaseConnection.php(421): CodeIgniter\Database\MySQLi\Connection->connect(false)
#1 C:\Users\jpujo\Desktop\alpicatCodeigniter\vendor\codeigniter4\framework\system\Database\BaseConnection.php(620): CodeIgniter\Database\BaseConnection->initialize()
#2 C:\Users\jpujo\Desktop\alpicatCodeigniter\vendor\codeigniter4\framework\system\Database\BaseBuilder.php(1733): CodeIgniter\Database\BaseConnection->query('SELECT COUNT(*)...', Array, false)
#3 C:\Users\jpujo\Desktop\alpicatCodeigniter\vendor\codeigniter4\framework\system\Model.php(676): CodeIgniter\Database\BaseBuilder->countAllResults(false)
#4 C:\Users\jpujo\Desktop\alpicatCodeigniter\vendor\codeigniter4\framework\system\BaseModel.php(1283): CodeIgniter\Model->countAllResults(false)
#5 C:\Users\jpujo\Desktop\alpicatCodeigniter\app\Controllers\IndexController.php(15): CodeIgniter\BaseModel->paginate(3, 'default')
#6 C:\Users\jpujo\Desktop\alpicatCodeigniter\vendor\codeigniter4\framework\system\CodeIgniter.php(933): App\Controllers\IndexController->index()
#7 C:\Users\jpujo\Desktop\alpicatCodeigniter\vendor\codeigniter4\framework\system\CodeIgniter.php(507): CodeIgniter\CodeIgniter->runController(Object(App\Controllers\IndexController))
#8 C:\Users\jpujo\Desktop\alpicatCodeigniter\vendor\codeigniter4\framework\system\CodeIgniter.php(354): CodeIgniter\CodeIgniter->handleRequest(NULL, Object(Config\Cache), false)
#9 C:\Users\jpujo\Desktop\alpicatCodeigniter\vendor\codeigniter4\framework\system\Boot.php(334): CodeIgniter\CodeIgniter->run()
#10 C:\Users\jpujo\Desktop\alpicatCodeigniter\vendor\codeigniter4\framework\system\Boot.php(67): CodeIgniter\Boot::runCodeIgniter(Object(CodeIgniter\CodeIgniter))
#11 C:\Users\jpujo\Desktop\alpicatCodeigniter\public\index.php(56): CodeIgniter\Boot::bootWeb(Object(Config\Paths))
#12 C:\Users\jpujo\Desktop\alpicatCodeigniter\vendor\codeigniter4\framework\system\rewrite.php(44): require_once('C:\\Users\\jpujo\\...')
#13 {main}
CRITICAL - 2025-04-03 15:08:02 --> CodeIgniter\Database\Exceptions\DatabaseException: Unable to connect to the database.
Main connection [MySQLi]: No se puede establecer una conexión ya que el equipo de destino denegó expresamente dicha conexión
[Method: GET, Route: /]
in SYSTEMPATH\Database\BaseConnection.php on line 467.
 1 SYSTEMPATH\Database\BaseConnection.php(620): CodeIgniter\Database\BaseConnection->initialize()
 2 SYSTEMPATH\Database\BaseBuilder.php(1733): CodeIgniter\Database\BaseConnection->query('SELECT COUNT(*) AS `numrows`
FROM `noticies`', [], false)
 3 SYSTEMPATH\Model.php(676): CodeIgniter\Database\BaseBuilder->countAllResults(false)
 4 SYSTEMPATH\BaseModel.php(1283): CodeIgniter\Model->countAllResults(false)
 5 APPPATH\Controllers\IndexController.php(15): CodeIgniter\BaseModel->paginate(3, 'default')
 6 SYSTEMPATH\CodeIgniter.php(933): App\Controllers\IndexController->index()
 7 SYSTEMPATH\CodeIgniter.php(507): CodeIgniter\CodeIgniter->runController(Object(App\Controllers\IndexController))
 8 SYSTEMPATH\CodeIgniter.php(354): CodeIgniter\CodeIgniter->handleRequest(null, Object(Config\Cache), false)
 9 SYSTEMPATH\Boot.php(334): CodeIgniter\CodeIgniter->run()
10 SYSTEMPATH\Boot.php(67): CodeIgniter\Boot::runCodeIgniter(Object(CodeIgniter\CodeIgniter))
11 FCPATH\index.php(56): CodeIgniter\Boot::bootWeb(Object(Config\Paths))
12 SYSTEMPATH\rewrite.php(44): require_once('C:\\Users\\jpujo\\Desktop\\alpicatCodeigniter\\public\\index.php')
ERROR - 2025-04-03 15:08:25 --> Error connecting to the database: mysqli_sql_exception: No se puede establecer una conexión ya que el equipo de destino denegó expresamente dicha conexión in C:\Users\jpujo\Desktop\alpicatCodeigniter\vendor\codeigniter4\framework\system\Database\MySQLi\Connection.php:201
Stack trace:
#0 C:\Users\jpujo\Desktop\alpicatCodeigniter\vendor\codeigniter4\framework\system\Database\MySQLi\Connection.php(201): mysqli->real_connect('localhost', 'root', Object(SensitiveParameterValue), 'alpicatci4', 3306, '', 0)
#1 C:\Users\jpujo\Desktop\alpicatCodeigniter\vendor\codeigniter4\framework\system\Database\BaseConnection.php(421): CodeIgniter\Database\MySQLi\Connection->connect(false)
#2 C:\Users\jpujo\Desktop\alpicatCodeigniter\vendor\codeigniter4\framework\system\Database\BaseConnection.php(620): CodeIgniter\Database\BaseConnection->initialize()
#3 C:\Users\jpujo\Desktop\alpicatCodeigniter\vendor\codeigniter4\framework\system\Database\BaseBuilder.php(1733): CodeIgniter\Database\BaseConnection->query('SELECT COUNT(*)...', Array, false)
#4 C:\Users\jpujo\Desktop\alpicatCodeigniter\vendor\codeigniter4\framework\system\Model.php(676): CodeIgniter\Database\BaseBuilder->countAllResults(false)
#5 C:\Users\jpujo\Desktop\alpicatCodeigniter\vendor\codeigniter4\framework\system\BaseModel.php(1283): CodeIgniter\Model->countAllResults(false)
#6 C:\Users\jpujo\Desktop\alpicatCodeigniter\app\Controllers\IndexController.php(15): CodeIgniter\BaseModel->paginate(3, 'default')
#7 C:\Users\jpujo\Desktop\alpicatCodeigniter\vendor\codeigniter4\framework\system\CodeIgniter.php(933): App\Controllers\IndexController->index()
#8 C:\Users\jpujo\Desktop\alpicatCodeigniter\vendor\codeigniter4\framework\system\CodeIgniter.php(507): CodeIgniter\CodeIgniter->runController(Object(App\Controllers\IndexController))
#9 C:\Users\jpujo\Desktop\alpicatCodeigniter\vendor\codeigniter4\framework\system\CodeIgniter.php(354): CodeIgniter\CodeIgniter->handleRequest(NULL, Object(Config\Cache), false)
#10 C:\Users\jpujo\Desktop\alpicatCodeigniter\vendor\codeigniter4\framework\system\Boot.php(334): CodeIgniter\CodeIgniter->run()
#11 C:\Users\jpujo\Desktop\alpicatCodeigniter\vendor\codeigniter4\framework\system\Boot.php(67): CodeIgniter\Boot::runCodeIgniter(Object(CodeIgniter\CodeIgniter))
#12 C:\Users\jpujo\Desktop\alpicatCodeigniter\public\index.php(56): CodeIgniter\Boot::bootWeb(Object(Config\Paths))
#13 C:\Users\jpujo\Desktop\alpicatCodeigniter\vendor\codeigniter4\framework\system\rewrite.php(44): require_once('C:\\Users\\jpujo\\...')
#14 {main}

Next CodeIgniter\Database\Exceptions\DatabaseException: No se puede establecer una conexión ya que el equipo de destino denegó expresamente dicha conexión in C:\Users\jpujo\Desktop\alpicatCodeigniter\vendor\codeigniter4\framework\system\Database\MySQLi\Connection.php:246
Stack trace:
#0 C:\Users\jpujo\Desktop\alpicatCodeigniter\vendor\codeigniter4\framework\system\Database\BaseConnection.php(421): CodeIgniter\Database\MySQLi\Connection->connect(false)
#1 C:\Users\jpujo\Desktop\alpicatCodeigniter\vendor\codeigniter4\framework\system\Database\BaseConnection.php(620): CodeIgniter\Database\BaseConnection->initialize()
#2 C:\Users\jpujo\Desktop\alpicatCodeigniter\vendor\codeigniter4\framework\system\Database\BaseBuilder.php(1733): CodeIgniter\Database\BaseConnection->query('SELECT COUNT(*)...', Array, false)
#3 C:\Users\jpujo\Desktop\alpicatCodeigniter\vendor\codeigniter4\framework\system\Model.php(676): CodeIgniter\Database\BaseBuilder->countAllResults(false)
#4 C:\Users\jpujo\Desktop\alpicatCodeigniter\vendor\codeigniter4\framework\system\BaseModel.php(1283): CodeIgniter\Model->countAllResults(false)
#5 C:\Users\jpujo\Desktop\alpicatCodeigniter\app\Controllers\IndexController.php(15): CodeIgniter\BaseModel->paginate(3, 'default')
#6 C:\Users\jpujo\Desktop\alpicatCodeigniter\vendor\codeigniter4\framework\system\CodeIgniter.php(933): App\Controllers\IndexController->index()
#7 C:\Users\jpujo\Desktop\alpicatCodeigniter\vendor\codeigniter4\framework\system\CodeIgniter.php(507): CodeIgniter\CodeIgniter->runController(Object(App\Controllers\IndexController))
#8 C:\Users\jpujo\Desktop\alpicatCodeigniter\vendor\codeigniter4\framework\system\CodeIgniter.php(354): CodeIgniter\CodeIgniter->handleRequest(NULL, Object(Config\Cache), false)
#9 C:\Users\jpujo\Desktop\alpicatCodeigniter\vendor\codeigniter4\framework\system\Boot.php(334): CodeIgniter\CodeIgniter->run()
#10 C:\Users\jpujo\Desktop\alpicatCodeigniter\vendor\codeigniter4\framework\system\Boot.php(67): CodeIgniter\Boot::runCodeIgniter(Object(CodeIgniter\CodeIgniter))
#11 C:\Users\jpujo\Desktop\alpicatCodeigniter\public\index.php(56): CodeIgniter\Boot::bootWeb(Object(Config\Paths))
#12 C:\Users\jpujo\Desktop\alpicatCodeigniter\vendor\codeigniter4\framework\system\rewrite.php(44): require_once('C:\\Users\\jpujo\\...')
#13 {main}
CRITICAL - 2025-04-03 15:08:25 --> CodeIgniter\Database\Exceptions\DatabaseException: Unable to connect to the database.
Main connection [MySQLi]: No se puede establecer una conexión ya que el equipo de destino denegó expresamente dicha conexión
[Method: GET, Route: /]
in SYSTEMPATH\Database\BaseConnection.php on line 467.
 1 SYSTEMPATH\Database\BaseConnection.php(620): CodeIgniter\Database\BaseConnection->initialize()
 2 SYSTEMPATH\Database\BaseBuilder.php(1733): CodeIgniter\Database\BaseConnection->query('SELECT COUNT(*) AS `numrows`
FROM `noticies`', [], false)
 3 SYSTEMPATH\Model.php(676): CodeIgniter\Database\BaseBuilder->countAllResults(false)
 4 SYSTEMPATH\BaseModel.php(1283): CodeIgniter\Model->countAllResults(false)
 5 APPPATH\Controllers\IndexController.php(15): CodeIgniter\BaseModel->paginate(3, 'default')
 6 SYSTEMPATH\CodeIgniter.php(933): App\Controllers\IndexController->index()
 7 SYSTEMPATH\CodeIgniter.php(507): CodeIgniter\CodeIgniter->runController(Object(App\Controllers\IndexController))
 8 SYSTEMPATH\CodeIgniter.php(354): CodeIgniter\CodeIgniter->handleRequest(null, Object(Config\Cache), false)
 9 SYSTEMPATH\Boot.php(334): CodeIgniter\CodeIgniter->run()
10 SYSTEMPATH\Boot.php(67): CodeIgniter\Boot::runCodeIgniter(Object(CodeIgniter\CodeIgniter))
11 FCPATH\index.php(56): CodeIgniter\Boot::bootWeb(Object(Config\Paths))
12 SYSTEMPATH\rewrite.php(44): require_once('C:\\Users\\jpujo\\Desktop\\alpicatCodeigniter\\public\\index.php')
